<?xml version="1.0" encoding="UTF-8"?>
<testsuite name="de.htwberlin.webtec.webtec.WebtecApplicationTests" tests="1" skipped="0" failures="0" errors="0" timestamp="2022-11-12T17:57:20" hostname="MacBook-Pro-von-Lennart.fritz.box" time="0.153">
  <properties/>
  <testcase name="contextLoads()" classname="de.htwberlin.webtec.webtec.WebtecApplicationTests" time="0.153"/>
  <system-out><![CDATA[18:57:19.422 [Test worker] DEBUG org.springframework.test.context.BootstrapUtils - Instantiating CacheAwareContextLoaderDelegate from class [org.springframework.test.context.cache.DefaultCacheAwareContextLoaderDelegate]
18:57:19.428 [Test worker] DEBUG org.springframework.test.context.BootstrapUtils - Instantiating BootstrapContext using constructor [public org.springframework.test.context.support.DefaultBootstrapContext(java.lang.Class,org.springframework.test.context.CacheAwareContextLoaderDelegate)]
18:57:19.441 [Test worker] DEBUG org.springframework.test.context.BootstrapUtils - Instantiating TestContextBootstrapper for test class [de.htwberlin.webtec.webtec.WebtecApplicationTests] from class [org.springframework.boot.test.context.SpringBootTestContextBootstrapper]
18:57:19.447 [Test worker] INFO org.springframework.boot.test.context.SpringBootTestContextBootstrapper - Neither @ContextConfiguration nor @ContextHierarchy found for test class [de.htwberlin.webtec.webtec.WebtecApplicationTests], using SpringBootContextLoader
18:57:19.448 [Test worker] DEBUG org.springframework.test.context.support.AbstractContextLoader - Did not detect default resource location for test class [de.htwberlin.webtec.webtec.WebtecApplicationTests]: class path resource [de/htwberlin/webtec/webtec/WebtecApplicationTests-context.xml] does not exist
18:57:19.449 [Test worker] DEBUG org.springframework.test.context.support.AbstractContextLoader - Did not detect default resource location for test class [de.htwberlin.webtec.webtec.WebtecApplicationTests]: class path resource [de/htwberlin/webtec/webtec/WebtecApplicationTestsContext.groovy] does not exist
18:57:19.449 [Test worker] INFO org.springframework.test.context.support.AbstractContextLoader - Could not detect default resource locations for test class [de.htwberlin.webtec.webtec.WebtecApplicationTests]: no resource found for suffixes {-context.xml, Context.groovy}.
18:57:19.449 [Test worker] INFO org.springframework.test.context.support.AnnotationConfigContextLoaderUtils - Could not detect default configuration classes for test class [de.htwberlin.webtec.webtec.WebtecApplicationTests]: WebtecApplicationTests does not declare any static, non-private, non-final, nested classes annotated with @Configuration.
18:57:19.465 [Test worker] DEBUG org.springframework.test.context.support.ActiveProfilesUtils - Could not find an 'annotation declaring class' for annotation type [org.springframework.test.context.ActiveProfiles] and class [de.htwberlin.webtec.webtec.WebtecApplicationTests]
18:57:19.489 [Test worker] DEBUG org.springframework.context.annotation.ClassPathScanningCandidateComponentProvider - Identified candidate component class: file [/Users/lennartmanske/wise22/prog3project-WiSe22-23/build/classes/java/main/de/htwberlin/webtec/webtec/WebtecApplication.class]
18:57:19.490 [Test worker] INFO org.springframework.boot.test.context.SpringBootTestContextBootstrapper - Found @SpringBootConfiguration de.htwberlin.webtec.webtec.WebtecApplication for test class de.htwberlin.webtec.webtec.WebtecApplicationTests
18:57:19.525 [Test worker] DEBUG org.springframework.boot.test.context.SpringBootTestContextBootstrapper - @TestExecutionListeners is not present for class [de.htwberlin.webtec.webtec.WebtecApplicationTests]: using defaults.
18:57:19.526 [Test worker] INFO org.springframework.boot.test.context.SpringBootTestContextBootstrapper - Loaded default TestExecutionListener class names from location [META-INF/spring.factories]: [org.springframework.boot.test.autoconfigure.restdocs.RestDocsTestExecutionListener, org.springframework.boot.test.autoconfigure.web.client.MockRestServiceServerResetTestExecutionListener, org.springframework.boot.test.autoconfigure.web.servlet.MockMvcPrintOnlyOnFailureTestExecutionListener, org.springframework.boot.test.autoconfigure.web.servlet.WebDriverTestExecutionListener, org.springframework.boot.test.autoconfigure.webservices.client.MockWebServiceServerTestExecutionListener, org.springframework.boot.test.mock.mockito.MockitoTestExecutionListener, org.springframework.boot.test.mock.mockito.ResetMocksTestExecutionListener, org.springframework.test.context.web.ServletTestExecutionListener, org.springframework.test.context.support.DirtiesContextBeforeModesTestExecutionListener, org.springframework.test.context.event.ApplicationEventsTestExecutionListener, org.springframework.test.context.support.DependencyInjectionTestExecutionListener, org.springframework.test.context.support.DirtiesContextTestExecutionListener, org.springframework.test.context.transaction.TransactionalTestExecutionListener, org.springframework.test.context.jdbc.SqlScriptsTestExecutionListener, org.springframework.test.context.event.EventPublishingTestExecutionListener]
18:57:19.531 [Test worker] DEBUG org.springframework.boot.test.context.SpringBootTestContextBootstrapper - Skipping candidate TestExecutionListener [org.springframework.test.context.transaction.TransactionalTestExecutionListener] due to a missing dependency. Specify custom listener classes or make the default listener classes and their required dependencies available. Offending class: [org/springframework/transaction/interceptor/TransactionAttributeSource]
18:57:19.531 [Test worker] DEBUG org.springframework.boot.test.context.SpringBootTestContextBootstrapper - Skipping candidate TestExecutionListener [org.springframework.test.context.jdbc.SqlScriptsTestExecutionListener] due to a missing dependency. Specify custom listener classes or make the default listener classes and their required dependencies available. Offending class: [org/springframework/transaction/interceptor/TransactionAttribute]
18:57:19.532 [Test worker] INFO org.springframework.boot.test.context.SpringBootTestContextBootstrapper - Using TestExecutionListeners: [org.springframework.test.context.web.ServletTestExecutionListener@24f43aa3, org.springframework.test.context.support.DirtiesContextBeforeModesTestExecutionListener@63fd4873, org.springframework.test.context.event.ApplicationEventsTestExecutionListener@1e11bc55, org.springframework.boot.test.mock.mockito.MockitoTestExecutionListener@7544a1e4, org.springframework.boot.test.autoconfigure.SpringBootDependencyInjectionTestExecutionListener@70e0accd, org.springframework.test.context.support.DirtiesContextTestExecutionListener@7957dc72, org.springframework.test.context.event.EventPublishingTestExecutionListener@6ab72419, org.springframework.boot.test.autoconfigure.restdocs.RestDocsTestExecutionListener@3aacf32a, org.springframework.boot.test.autoconfigure.web.client.MockRestServiceServerResetTestExecutionListener@4fdfa676, org.springframework.boot.test.autoconfigure.web.servlet.MockMvcPrintOnlyOnFailureTestExecutionListener@82c57b3, org.springframework.boot.test.autoconfigure.web.servlet.WebDriverTestExecutionListener@5be82d43, org.springframework.boot.test.autoconfigure.webservices.client.MockWebServiceServerTestExecutionListener@600b0b7, org.springframework.boot.test.mock.mockito.ResetMocksTestExecutionListener@345e5a17]
18:57:19.533 [Test worker] DEBUG org.springframework.test.context.support.AbstractDirtiesContextTestExecutionListener - Before test class: context [DefaultTestContext@47747fb9 testClass = WebtecApplicationTests, testInstance = [null], testMethod = [null], testException = [null], mergedContextConfiguration = [WebMergedContextConfiguration@3113a37 testClass = WebtecApplicationTests, locations = '{}', classes = '{class de.htwberlin.webtec.webtec.WebtecApplication}', contextInitializerClasses = '[]', activeProfiles = '{}', propertySourceLocations = '{}', propertySourceProperties = '{org.springframework.boot.test.context.SpringBootTestContextBootstrapper=true}', contextCustomizers = set[org.springframework.boot.test.autoconfigure.actuate.metrics.MetricsExportContextCustomizerFactory$DisableMetricExportContextCustomizer@20a14b55, org.springframework.boot.test.autoconfigure.properties.PropertyMappingContextCustomizer@0, org.springframework.boot.test.autoconfigure.web.servlet.WebDriverContextCustomizerFactory$Customizer@686449f9, org.springframework.boot.test.context.filter.ExcludeFilterContextCustomizer@36f48b4, org.springframework.boot.test.json.DuplicateJsonObjectContextCustomizerFactory$DuplicateJsonObjectContextCustomizer@3f792b9b, org.springframework.boot.test.mock.mockito.MockitoContextCustomizer@0, org.springframework.boot.test.web.client.TestRestTemplateContextCustomizer@2bd2b28e, org.springframework.boot.test.context.SpringBootTestArgs@1, org.springframework.boot.test.context.SpringBootTestWebEnvironment@7d61eb55], resourceBasePath = 'src/main/webapp', contextLoader = 'org.springframework.boot.test.context.SpringBootContextLoader', parent = [null]], attributes = map['org.springframework.test.context.web.ServletTestExecutionListener.activateListener' -> true]], class annotated with @DirtiesContext [false] with mode [null].

  .   ____          _            __ _ _
 /\\ / ___'_ __ _ _(_)_ __  __ _ \ \ \ \
( ( )\___ | '_ | '_| | '_ \/ _` | \ \ \ \
 \\/  ___)| |_)| | | | | || (_| |  ) ) ) )
  '  |____| .__|_| |_|_| |_\__, | / / / /
 =========|_|==============|___/=/_/_/_/
 :: Spring Boot ::                (v2.7.5)

2022-11-12 18:57:19.666  INFO 18976 --- [    Test worker] d.h.w.webtec.WebtecApplicationTests      : Starting WebtecApplicationTests using Java 17.0.2 on 34a2876e-75d9-4714-9b01-f01f5386fe77.fritz.box with PID 18976 (started by lennartmanske in /Users/lennartmanske/wise22/prog3project-WiSe22-23)
2022-11-12 18:57:19.667  INFO 18976 --- [    Test worker] d.h.w.webtec.WebtecApplicationTests      : No active profile set, falling back to 1 default profile: "default"
2022-11-12 18:57:20.256  INFO 18976 --- [    Test worker] d.h.w.webtec.WebtecApplicationTests      : Started WebtecApplicationTests in 0.704 seconds (JVM running for 1.191)
]]></system-out>
  <system-err><![CDATA[]]></system-err>
</testsuite>
